<?xml version="1.0" encoding="UTF-8"?>
<!-- Generated by org.testng.reporters.JUnitReportReporter -->
<testsuite hostname="Priyanka-PC" name="com.demo.selenium.test.FirstTest" tests="1" failures="0" timestamp="11 Apr 2020 17:02:01 GMT" time="18.506" errors="0">
  <testcase name="f" time="18.506" classname="com.demo.selenium.test.FirstTest"/>
</testsuite> <!-- com.demo.selenium.test.FirstTest -->
